[2026-06-06T17:13:25.429Z] chore: initialize project structure
[2026-06-07T17:13:26.407Z] docs: add initial README.md
[2026-06-08T17:13:27.430Z] feat: setup Express server
[2026-06-08T17:13:28.458Z] feat: configure environment variables
[2026-06-09T17:13:29.474Z] feat: establish MongoDB connection
[2026-06-09T17:13:30.431Z] feat: create User model with Mongoose
[2026-06-10T17:13:31.166Z] feat: add user registration logic
[2026-06-11T17:13:32.030Z] feat: implement password hashing with bcrypt
[2026-06-11T17:13:32.839Z] feat: add user login functionality
[2026-06-12T17:13:33.857Z] feat: generate JWT on successful login
[2026-06-12T17:13:34.691Z] feat: create auth middleware for protected routes
[2026-06-13T17:13:35.535Z] fix: handle duplicate email error in registration
[2026-06-14T17:13:36.533Z] feat: create Department model
[2026-06-14T17:13:37.406Z] feat: seed initial departments data
[2026-06-15T17:13:38.303Z] feat: create Complaint model
[2026-06-15T17:13:39.130Z] feat: add multer config for file uploads
[2026-06-16T17:13:39.924Z] feat: implement complaint creation endpoint
[2026-06-17T17:13:40.689Z] feat: add validation for complaint inputs
[2026-06-17T17:13:41.431Z] refactor: extract validation logic to middleware
[2026-06-18T17:13:42.266Z] feat: implement user complaint fetching
[2026-06-18T17:13:42.943Z] feat: add pagination to complaints API
[2026-06-19T17:13:43.735Z] feat: implement text search for complaints
[2026-06-20T17:13:44.374Z] feat: add filtering by status and priority
[2026-06-20T17:13:45.169Z] feat: create admin controller for complaints
[2026-06-21T17:13:45.980Z] feat: add endpoint to update complaint status
[2026-06-21T17:13:46.644Z] feat: implement complaint assignment logic
[2026-06-22T17:13:47.311Z] feat: create ActivityLog model
[2026-06-23T17:13:47.989Z] feat: add logging for complaint status changes
[2026-06-23T17:13:48.582Z] feat: create Notification model
[2026-06-24T17:13:49.343Z] feat: implement notification creation on status update
[2026-06-24T17:13:49.914Z] feat: add endpoint to fetch user notifications
[2026-06-25T17:13:50.588Z] feat: implement mark notification as read
[2026-06-26T17:13:51.325Z] fix: resolve pagination offset calculation
[2026-06-26T17:13:51.925Z] refactor: optimize admin dashboard stats query
[2026-06-27T17:13:52.650Z] feat: implement generic error handler middleware
[2026-06-27T17:13:53.381Z] feat: add custom ApiError class
[2026-06-28T17:13:54.056Z] feat: setup email service with nodemailer
[2026-06-29T17:13:54.791Z] feat: send email on complaint registration
[2026-06-29T17:13:55.386Z] feat: send email on status update
[2026-06-30T17:13:56.110Z] feat: create Settings model for app configuration
[2026-06-30T17:13:56.845Z] feat: implement admin user management endpoints
[2026-07-01T17:13:57.557Z] feat: add endpoint to toggle user active status
[2026-07-02T17:13:58.372Z] feat: create Report model for analytics
